<?xml version="1.0" encoding="UTF-8"?>
<testsuite name="com.example.bai1ss6_module4.Bai1ss6Module4ApplicationTests" tests="1" skipped="0" failures="0" errors="0" timestamp="2026-01-24T10:23:59.920Z" hostname="DESKTOP-LPL096Q" time="0.702">
  <properties/>
  <testcase name="contextLoads()" classname="com.example.bai1ss6_module4.Bai1ss6Module4ApplicationTests" time="0.702"/>
  <system-out><![CDATA[17:23:53.513 [Test worker] INFO org.springframework.test.context.support.AnnotationConfigContextLoaderUtils -- Could not detect default configuration classes for test class [com.example.bai1ss6_module4.Bai1ss6Module4ApplicationTests]: Bai1ss6Module4ApplicationTests does not declare any static, non-private, non-final, nested classes annotated with @Configuration.
17:23:53.678 [Test worker] INFO org.springframework.boot.test.context.SpringBootTestContextBootstrapper -- Found @SpringBootConfiguration com.example.bai1ss6_module4.Bai1ss6Module4Application for test class com.example.bai1ss6_module4.Bai1ss6Module4ApplicationTests

  .   ____          _            __ _ _
 /\\ / ___'_ __ _ _(_)_ __  __ _ \ \ \ \
( ( )\___ | '_ | '_| | '_ \/ _` | \ \ \ \
 \\/  ___)| |_)| | | | | || (_| |  ) ) ) )
  '  |____| .__|_| |_|_| |_\__, | / / / /
 =========|_|==============|___/=/_/_/_/

 :: Spring Boot ::               (v3.5.10)

2026-01-24T17:23:54.187+07:00  INFO 8736 --- [    Test worker] c.e.b.Bai1ss6Module4ApplicationTests     : Starting Bai1ss6Module4ApplicationTests using Java 17.0.12 with PID 8736 (started by PC in C:\Users\PC\Documents\Module4\Bai1ss6_module4)
2026-01-24T17:23:54.189+07:00  INFO 8736 --- [    Test worker] c.e.b.Bai1ss6Module4ApplicationTests     : No active profile set, falling back to 1 default profile: "default"
2026-01-24T17:23:55.148+07:00  INFO 8736 --- [    Test worker] .s.d.r.c.RepositoryConfigurationDelegate : Bootstrapping Spring Data JPA repositories in DEFAULT mode.
2026-01-24T17:23:55.358+07:00  INFO 8736 --- [    Test worker] .s.d.r.c.RepositoryConfigurationDelegate : Finished Spring Data repository scanning in 195 ms. Found 1 JPA repository interface.
2026-01-24T17:23:55.918+07:00  INFO 8736 --- [    Test worker] o.hibernate.jpa.internal.util.LogHelper  : HHH000204: Processing PersistenceUnitInfo [name: default]
2026-01-24T17:23:55.995+07:00  INFO 8736 --- [    Test worker] org.hibernate.Version                    : HHH000412: Hibernate ORM core version 6.6.41.Final
2026-01-24T17:23:56.055+07:00  INFO 8736 --- [    Test worker] o.h.c.internal.RegionFactoryInitiator    : HHH000026: Second-level cache disabled
2026-01-24T17:23:57.165+07:00  INFO 8736 --- [    Test worker] o.s.o.j.p.SpringPersistenceUnitInfo      : No LoadTimeWeaver setup: ignoring JPA class transformer
2026-01-24T17:23:57.205+07:00  INFO 8736 --- [    Test worker] com.zaxxer.hikari.HikariDataSource       : HikariPool-1 - Starting...
2026-01-24T17:23:57.551+07:00  INFO 8736 --- [    Test worker] com.zaxxer.hikari.pool.HikariPool        : HikariPool-1 - Added connection com.mysql.cj.jdbc.ConnectionImpl@f5ae29e
2026-01-24T17:23:57.557+07:00  INFO 8736 --- [    Test worker] com.zaxxer.hikari.HikariDataSource       : HikariPool-1 - Start completed.
2026-01-24T17:23:57.705+07:00  WARN 8736 --- [    Test worker] org.hibernate.orm.deprecation            : HHH90000025: MySQLDialect does not need to be specified explicitly using 'hibernate.dialect' (remove the property setting and it will be selected by default)
2026-01-24T17:23:57.749+07:00  INFO 8736 --- [    Test worker] org.hibernate.orm.connections.pooling    : HHH10001005: Database info:
	Database JDBC URL [Connecting through datasource 'HikariDataSource (HikariPool-1)']
	Database driver: undefined/unknown
	Database version: 8.0.44
	Autocommit mode: undefined/unknown
	Isolation level: undefined/unknown
	Minimum pool size: undefined/unknown
	Maximum pool size: undefined/unknown
2026-01-24T17:23:58.818+07:00  INFO 8736 --- [    Test worker] o.h.e.t.j.p.i.JtaPlatformInitiator       : HHH000489: No JTA platform available (set 'hibernate.transaction.jta.platform' to enable JTA platform integration)
Hibernate: 
    create table blogs (
        id bigint not null auto_increment,
        author varchar(255),
        content TEXT,
        created_at datetime(6),
        title varchar(255),
        primary key (id)
    ) engine=InnoDB
2026-01-24T17:23:58.929+07:00  INFO 8736 --- [    Test worker] j.LocalContainerEntityManagerFactoryBean : Initialized JPA EntityManagerFactory for persistence unit 'default'
2026-01-24T17:23:59.382+07:00  WARN 8736 --- [    Test worker] JpaBaseConfiguration$JpaWebConfiguration : spring.jpa.open-in-view is enabled by default. Therefore, database queries may be performed during view rendering. Explicitly configure spring.jpa.open-in-view to disable this warning
2026-01-24T17:23:59.899+07:00  INFO 8736 --- [    Test worker] c.e.b.Bai1ss6Module4ApplicationTests     : Started Bai1ss6Module4ApplicationTests in 6.028 seconds (process running for 7.687)
]]></system-out>
  <system-err><![CDATA[]]></system-err>
</testsuite>
